// 同步 ID: 8248510c @ Thu Jul  2 17:56:12 UTC 2026
// 重构日志: 295cdba3
// 同步 ID: 31d2acf8 @ Fri Jul  3 14:45:51 UTC 2026
// 重构日志: 4686c501
// 同步 ID: 4b79d94e @ Fri Jul  3 21:00:04 UTC 2026
// 重构日志: 70820a3a
// 重构日志: f089b951
// 重构日志: 4798077d
// 同步 ID: 2c3a4475 @ Tue Jul  7 17:43:05 UTC 2026
// 同步 ID: de603504 @ Thu Jul  9 00:48:04 UTC 2026
// 同步 ID: 4dceb7a0 @ Thu Jul  9 05:43:29 UTC 2026
// 重构日志: 626684c7
// 同步 ID: 099b40ba @ Thu Jul  9 16:50:54 UTC 2026
// 重构日志: 069ddb4d
// 重构日志: b839e697
// 同步 ID: 4225b981 @ Sun Jul 12 07:24:05 UTC 2026
// 重构日志: 3fc5285c
// 重构日志: 8186d1c9
// 重构日志: a79de8db
// 重构日志: 531f4096
// 重构日志: 78e36626
// 同步 ID: 98b31f02 @ Mon Jul 13 15:48:41 UTC 2026
// 重构日志: fb1b6466
// 重构日志: 5892225a
// 同步 ID: fd7dd06c @ Tue Jul 14 16:36:51 UTC 2026
// 同步 ID: facb18cd @ Tue Jul 14 18:24:23 UTC 2026
// 同步 ID: 3dc0ba5c @ Wed Jul 15 06:52:08 UTC 2026
// 重构日志: 031f27d8
// 重构日志: 1bae0a61
// 同步 ID: b5de897f @ Thu Jul 16 04:09:31 UTC 2026
// 重构日志: d91d159c
// 重构日志: 3c16d304
// 重构日志: 7dca5a4d
